app/build/intermediates/manifest_merge_blame_file/debug/manifest-merger-blame-debug-report.txt
1<?xml version="1.0" encoding="utf-8"?>
2<manifest xmlns:android="http://schemas.android.com/apk/res/android"
3    package="com.panji.jadwalimsakiyah"
4    android:versionCode="1"
5    android:versionName="1.0" >
6
7    <uses-sdk
8        android:minSdkVersion="24"
8-->src\main\AndroidManifest.xml
9        android:targetSdkVersion="29" />
9-->src\main\AndroidManifest.xml
10
11    <uses-permission android:name="android.permission.INTERNET" />
11-->src\main\AndroidManifest.xml:5:5-67
11-->src\main\AndroidManifest.xml:5:22-64
12    <uses-permission android:name="android.permission.ACCESS_FINE_LOCATION" />
12-->src\main\AndroidManifest.xml:6:5-78
12-->src\main\AndroidManifest.xml:6:22-76
13
14    <application
14-->src\main\AndroidManifest.xml:8:5-33:19
15        android:allowBackup="true"
15-->src\main\AndroidManifest.xml:9:9-35
16        android:appComponentFactory="androidx.core.app.CoreComponentFactory"
16-->[androidx.core:core:1.2.0] AndroidManifest.xml:24:18-86
17        android:debuggable="true"
18        android:icon="@mipmap/ic_launcher"
18-->src\main\AndroidManifest.xml:10:9-43
19        android:label="@string/app_name"
19-->src\main\AndroidManifest.xml:11:9-41
20        android:roundIcon="@mipmap/ic_launcher_round"
20-->src\main\AndroidManifest.xml:12:9-54
21        android:supportsRtl="true"
21-->src\main\AndroidManifest.xml:13:9-35
22        android:testOnly="true"
23        android:theme="@style/AppTheme"
23-->src\main\AndroidManifest.xml:14:9-40
24        android:usesCleartextTraffic="true" >
24-->src\main\AndroidManifest.xml:15:9-44
25        <activity android:name="com.panji.jadwalimsakiyah.activities.DetailActivity" />
25-->src\main\AndroidManifest.xml:16:9-63
25-->src\main\AndroidManifest.xml:16:19-60
26        <activity android:name="com.panji.jadwalimsakiyah.activities.MainActivity" >
26-->src\main\AndroidManifest.xml:17:9-23:20
26-->src\main\AndroidManifest.xml:17:19-58
27            <intent-filter>
27-->src\main\AndroidManifest.xml:18:13-22:29
28                <action android:name="android.intent.action.MAIN" />
28-->src\main\AndroidManifest.xml:19:17-69
28-->src\main\AndroidManifest.xml:19:25-66
29
30                <category android:name="android.intent.category.LAUNCHER" />
30-->src\main\AndroidManifest.xml:21:17-77
30-->src\main\AndroidManifest.xml:21:27-74
31            </intent-filter>
32        </activity>
33
34        <meta-data
34-->src\main\AndroidManifest.xml:24:9-26:69
35            android:name="com.google.android.gms.version"
35-->src\main\AndroidManifest.xml:25:13-58
36            android:value="@integer/google_play_services_version" />
36-->src\main\AndroidManifest.xml:26:13-66
37        <meta-data
37-->src\main\AndroidManifest.xml:27:9-29:43
38            android:name="com.google.android.geo.API_KEY"
38-->src\main\AndroidManifest.xml:28:13-58
39            android:value="YOUR API KEY" />
39-->src\main\AndroidManifest.xml:29:13-41
40
41        <service
41-->src\main\AndroidManifest.xml:30:9-32:39
42            android:name="com.panji.jadwalimsakiyah.service.GetAddressIntentService"
42-->src\main\AndroidManifest.xml:31:13-60
43            android:exported="false" />
43-->src\main\AndroidManifest.xml:32:13-37
44
45        <activity
45-->[com.google.android.gms:play-services-base:17.0.0] AndroidManifest.xml:23:9-26:75
46            android:name="com.google.android.gms.common.api.GoogleApiActivity"
46-->[com.google.android.gms:play-services-base:17.0.0] AndroidManifest.xml:24:13-79
47            android:exported="false"
47-->[com.google.android.gms:play-services-base:17.0.0] AndroidManifest.xml:25:13-37
48            android:theme="@android:style/Theme.Translucent.NoTitleBar" />
48-->[com.google.android.gms:play-services-base:17.0.0] AndroidManifest.xml:26:13-72
49    </application>
50
51</manifest>